2024-06-03T14:34:14  test: add edge case
2024-07-08T09:51:21  refactor: tidy internals
2024-07-19T16:08:28  fix: handle empty input gracefully
2024-08-31T11:25:35  perf: micro-optimization
2024-09-11T18:42:42  style: formatting
2024-10-17T13:59:49  chore: bump dev tooling
2024-11-04T08:16:56  docs: expand examples
2024-12-10T15:33:03  test: strengthen coverage
2024-12-21T10:50:10  chore: tune defaults
2025-01-09T17:07:17  refactor: simplify helper
2025-02-13T12:24:24  chore: routine maintenance
2025-02-25T19:41:31  docs: clarify usage notes
2025-04-08T14:58:38  test: add edge case
2025-04-20T09:15:45  refactor: tidy internals
2025-05-25T16:32:52  fix: handle empty input gracefully
2025-06-13T11:49:59  perf: micro-optimization
2025-07-18T18:06:06  style: formatting
2025-08-05T13:23:13  chore: bump dev tooling
2025-08-17T08:40:20  docs: expand examples
2025-09-21T15:57:27  test: strengthen coverage
2025-10-10T10:14:34  chore: tune defaults
2025-11-14T17:31:41  refactor: simplify helper
2025-11-26T12:48:48  chore: routine maintenance
2026-01-07T19:05:55  docs: clarify usage notes
2026-01-19T14:22:02  test: add edge case
2026-02-23T09:39:09  refactor: tidy internals
2026-03-14T16:56:16  fix: handle empty input gracefully
2026-03-25T11:13:23  perf: micro-optimization
2026-04-30T18:30:30  style: formatting
2026-05-18T13:47:37  chore: bump dev tooling
